<?xml version="1.0" ?>
<!DOCTYPE coverage SYSTEM "http://cobertura.sourceforge.net/xml/coverage-04.dtd">
<coverage lines-valid="134" lines-covered="19" line-rate="0.1417" branches-valid="25" branches-covered="4" branch-rate="0.16" timestamp="1700929137265" complexity="0" version="0.1">
  <sources>
    <source>/Users/omer/automock/packages/adapters/inversify</source>
  </sources>
  <packages>
    <package name="__test__.assets" line-rate="0" branch-rate="1">
      <classes>
        <class name="integration.assets.ts" filename="__test__/assets/integration.assets.ts" line-rate="0" branch-rate="1">
          <methods>
            <method name="(anonymous_4)" hits="0" signature="()V">
              <lines>
                <line number="17" hits="0"/>
              </lines>
            </method>
            <method name="(anonymous_5)" hits="0" signature="()V">
              <lines>
                <line number="23" hits="0"/>
              </lines>
            </method>
            <method name="(anonymous_6)" hits="0" signature="()V">
              <lines>
                <line number="33" hits="0"/>
              </lines>
            </method>
            <method name="(anonymous_7)" hits="0" signature="()V">
              <lines>
                <line number="43" hits="0"/>
              </lines>
            </method>
            <method name="(anonymous_8)" hits="0" signature="()V">
              <lines>
                <line number="49" hits="0"/>
              </lines>
            </method>
            <method name="(anonymous_9)" hits="0" signature="()V">
              <lines>
                <line number="55" hits="0"/>
              </lines>
            </method>
            <method name="(anonymous_10)" hits="0" signature="()V">
              <lines>
                <line number="61" hits="0"/>
              </lines>
            </method>
            <method name="(anonymous_11)" hits="0" signature="()V">
              <lines>
                <line number="67" hits="0"/>
              </lines>
            </method>
            <method name="(anonymous_12)" hits="0" signature="()V">
              <lines>
                <line number="73" hits="0"/>
              </lines>
            </method>
            <method name="(anonymous_13)" hits="0" signature="()V">
              <lines>
                <line number="79" hits="0"/>
              </lines>
            </method>
            <method name="(anonymous_14)" hits="0" signature="()V">
              <lines>
                <line number="88" hits="0"/>
              </lines>
            </method>
            <method name="(anonymous_15)" hits="0" signature="()V">
              <lines>
                <line number="106" hits="0"/>
              </lines>
            </method>
            <method name="(anonymous_16)" hits="0" signature="()V">
              <lines>
                <line number="129" hits="0"/>
              </lines>
            </method>
            <method name="(anonymous_17)" hits="0" signature="()V">
              <lines>
                <line number="132" hits="0"/>
              </lines>
            </method>
            <method name="(anonymous_18)" hits="0" signature="()V">
              <lines>
                <line number="160" hits="0"/>
              </lines>
            </method>
            <method name="(anonymous_19)" hits="0" signature="()V">
              <lines>
                <line number="157" hits="0"/>
              </lines>
            </method>
          </methods>
          <lines>
            <line number="1" hits="0" branch="false"/>
            <line number="12" hits="0" branch="false"/>
            <line number="16" hits="0" branch="false"/>
            <line number="18" hits="0" branch="false"/>
            <line number="22" hits="0" branch="false"/>
            <line number="24" hits="0" branch="false"/>
            <line number="32" hits="0" branch="false"/>
            <line number="34" hits="0" branch="false"/>
            <line number="42" hits="0" branch="false"/>
            <line number="44" hits="0" branch="false"/>
            <line number="48" hits="0" branch="false"/>
            <line number="50" hits="0" branch="false"/>
            <line number="54" hits="0" branch="false"/>
            <line number="56" hits="0" branch="false"/>
            <line number="60" hits="0" branch="false"/>
            <line number="62" hits="0" branch="false"/>
            <line number="66" hits="0" branch="false"/>
            <line number="68" hits="0" branch="false"/>
            <line number="72" hits="0" branch="false"/>
            <line number="74" hits="0" branch="false"/>
            <line number="78" hits="0" branch="false"/>
            <line number="80" hits="0" branch="false"/>
            <line number="84" hits="0" branch="false"/>
            <line number="87" hits="0" branch="false"/>
            <line number="93" hits="0" branch="false"/>
            <line number="94" hits="0" branch="false"/>
            <line number="99" hits="0" branch="false"/>
            <line number="102" hits="0" branch="false"/>
            <line number="105" hits="0" branch="false"/>
            <line number="106" hits="0" branch="false"/>
            <line number="107" hits="0" branch="false"/>
            <line number="108" hits="0" branch="false"/>
            <line number="109" hits="0" branch="false"/>
            <line number="110" hits="0" branch="false"/>
            <line number="111" hits="0" branch="false"/>
            <line number="112" hits="0" branch="false"/>
            <line number="113" hits="0" branch="false"/>
            <line number="114" hits="0" branch="false"/>
            <line number="119" hits="0" branch="false"/>
            <line number="121" hits="0" branch="false"/>
            <line number="127" hits="0" branch="false"/>
            <line number="129" hits="0" branch="false"/>
            <line number="130" hits="0" branch="false"/>
            <line number="132" hits="0" branch="false"/>
            <line number="134" hits="0" branch="false"/>
            <line number="137" hits="0" branch="false"/>
            <line number="140" hits="0" branch="false"/>
            <line number="143" hits="0" branch="false"/>
            <line number="146" hits="0" branch="false"/>
            <line number="150" hits="0" branch="false"/>
            <line number="152" hits="0" branch="false"/>
            <line number="155" hits="0" branch="false"/>
            <line number="157" hits="0" branch="false"/>
            <line number="158" hits="0" branch="false"/>
            <line number="161" hits="0" branch="false"/>
            <line number="162" hits="0" branch="false"/>
          </lines>
        </class>
      </classes>
    </package>
    <package name="src" line-rate="0.24350000000000002" branch-rate="0.16">
      <classes>
        <class name="class-ctor-reflector.ts" filename="src/class-ctor-reflector.ts" line-rate="0" branch-rate="0">
          <methods>
            <method name="ClassCtorReflector" hits="0" signature="()V">
              <lines>
                <line number="15" hits="0"/>
              </lines>
            </method>
            <method name="reflectInjectables" hits="0" signature="()V">
              <lines>
                <line number="19" hits="0"/>
              </lines>
            </method>
            <method name="(anonymous_2)" hits="0" signature="()V">
              <lines>
                <line number="24" hits="0"/>
              </lines>
            </method>
            <method name="reflectParamTokens" hits="0" signature="()V">
              <lines>
                <line number="56" hits="0"/>
              </lines>
            </method>
            <method name="reflectParamTypes" hits="0" signature="()V">
              <lines>
                <line number="60" hits="0"/>
              </lines>
            </method>
            <method name="constructTokensArray" hits="0" signature="()V">
              <lines>
                <line number="64" hits="0"/>
              </lines>
            </method>
            <method name="(anonymous_6)" hits="0" signature="()V">
              <lines>
                <line number="75" hits="0"/>
              </lines>
            </method>
          </methods>
          <lines>
            <line number="1" hits="0" branch="false"/>
            <line number="3" hits="0" branch="false"/>
            <line number="11" hits="0" branch="false"/>
            <line number="15" hits="0" branch="false"/>
            <line number="20" hits="0" branch="false"/>
            <line number="21" hits="0" branch="false"/>
            <line number="22" hits="0" branch="false"/>
            <line number="24" hits="0" branch="false"/>
            <line number="25" hits="0" branch="true" condition-coverage="0% (0/1)"/>
            <line number="26" hits="0" branch="true" condition-coverage="0% (0/1)"/>
            <line number="27" hits="0" branch="false"/>
            <line number="34" hits="0" branch="false"/>
            <line number="42" hits="0" branch="false"/>
            <line number="47" hits="0" branch="false"/>
            <line number="57" hits="0" branch="true" condition-coverage="0% (0/2)"/>
            <line number="61" hits="0" branch="true" condition-coverage="0% (0/2)"/>
            <line number="69" hits="0" branch="false"/>
            <line number="71" hits="0" branch="true" condition-coverage="0% (0/1)"/>
            <line number="72" hits="0" branch="false"/>
            <line number="75" hits="0" branch="false"/>
            <line number="76" hits="0" branch="true" condition-coverage="0% (0/1)"/>
            <line number="77" hits="0" branch="false"/>
            <line number="80" hits="0" branch="false"/>
            <line number="84" hits="0" branch="false"/>
          </lines>
        </class>
        <class name="class-props-reflector.ts" filename="src/class-props-reflector.ts" line-rate="0" branch-rate="0">
          <methods>
            <method name="ClassPropsReflector" hits="0" signature="()V">
              <lines>
                <line number="15" hits="0"/>
              </lines>
            </method>
            <method name="reflectInjectables" hits="0" signature="()V">
              <lines>
                <line number="19" hits="0"/>
              </lines>
            </method>
            <method name="(anonymous_2)" hits="0" signature="()V">
              <lines>
                <line number="23" hits="0"/>
              </lines>
            </method>
            <method name="setValue" hits="0" signature="()V">
              <lines>
                <line number="52" hits="0"/>
              </lines>
            </method>
            <method name="reflectProperties" hits="0" signature="()V">
              <lines>
                <line number="64" hits="0"/>
              </lines>
            </method>
          </methods>
          <lines>
            <line number="1" hits="0" branch="false"/>
            <line number="3" hits="0" branch="false"/>
            <line number="11" hits="0" branch="false"/>
            <line number="15" hits="0" branch="false"/>
            <line number="20" hits="0" branch="false"/>
            <line number="21" hits="0" branch="false"/>
            <line number="23" hits="0" branch="false"/>
            <line number="24" hits="0" branch="false"/>
            <line number="28" hits="0" branch="false"/>
            <line number="30" hits="0" branch="true" condition-coverage="0% (0/3)"/>
            <line number="31" hits="0" branch="false"/>
            <line number="37" hits="0" branch="false"/>
            <line number="42" hits="0" branch="false"/>
            <line number="53" hits="0" branch="true" condition-coverage="0% (0/1)"/>
            <line number="54" hits="0" branch="false"/>
            <line number="57" hits="0" branch="true" condition-coverage="0% (0/1)"/>
            <line number="58" hits="0" branch="false"/>
            <line number="61" hits="0" branch="false"/>
            <line number="65" hits="0" branch="true" condition-coverage="0% (0/2)"/>
            <line number="68" hits="0" branch="false"/>
          </lines>
        </class>
        <class name="dependencies-adapter.ts" filename="src/dependencies-adapter.ts" line-rate="0" branch-rate="0">
          <methods>
            <method name="DependenciesAdapter" hits="0" signature="()V">
              <lines>
                <line number="18" hits="0"/>
              </lines>
            </method>
            <method name="inspect" hits="0" signature="()V">
              <lines>
                <line number="22" hits="0"/>
              </lines>
            </method>
            <method name="(anonymous_3)" hits="0" signature="()V">
              <lines>
                <line number="28" hits="0"/>
              </lines>
            </method>
            <method name="(anonymous_4)" hits="0" signature="()V">
              <lines>
                <line number="34" hits="0"/>
              </lines>
            </method>
            <method name="(anonymous_5)" hits="0" signature="()V">
              <lines>
                <line number="42" hits="0"/>
              </lines>
            </method>
            <method name="(anonymous_6)" hits="0" signature="()V">
              <lines>
                <line number="46" hits="0"/>
              </lines>
            </method>
          </methods>
          <lines>
            <line number="1" hits="0" branch="false"/>
            <line number="18" hits="0" branch="false"/>
            <line number="23" hits="0" branch="false"/>
            <line number="24" hits="0" branch="false"/>
            <line number="25" hits="0" branch="false"/>
            <line number="27" hits="0" branch="false"/>
            <line number="33" hits="0" branch="false"/>
            <line number="34" hits="0" branch="false"/>
            <line number="37" hits="0" branch="true" condition-coverage="0% (0/3)"/>
            <line number="38" hits="0" branch="false"/>
            <line number="42" hits="0" branch="false"/>
            <line number="43" hits="0" branch="false"/>
            <line number="47" hits="0" branch="false"/>
            <line number="52" hits="0" branch="false"/>
          </lines>
        </class>
        <class name="identifier-builder.static.ts" filename="src/identifier-builder.static.ts" line-rate="0.9473" branch-rate="0.8">
          <methods>
            <method name="IdentifierBuilder" hits="5" signature="()V">
              <lines>
                <line number="18" hits="5"/>
              </lines>
            </method>
            <method name="toIdentifierObject" hits="5" signature="()V">
              <lines>
                <line number="19" hits="5"/>
              </lines>
            </method>
            <method name="(anonymous_2)" hits="7" signature="()V">
              <lines>
                <line number="24" hits="7"/>
              </lines>
            </method>
          </methods>
          <lines>
            <line number="1" hits="1" branch="false"/>
            <line number="8" hits="1" branch="false"/>
            <line number="18" hits="1" branch="false"/>
            <line number="23" hits="5" branch="false"/>
            <line number="25" hits="7" branch="false"/>
            <line number="27" hits="7" branch="true" condition-coverage="100% (1/1)"/>
            <line number="28" hits="1" branch="false"/>
            <line number="31" hits="6" branch="true" condition-coverage="100% (1/1)"/>
            <line number="32" hits="4" branch="true" condition-coverage="100% (1/1)"/>
            <line number="33" hits="2" branch="false"/>
            <line number="35" hits="2" branch="true" condition-coverage="100% (1/1)"/>
            <line number="36" hits="1" branch="false"/>
            <line number="39" hits="1" branch="false"/>
            <line number="42" hits="2" branch="false"/>
            <line number="45" hits="2" branch="false"/>
            <line number="50" hits="3" branch="true" condition-coverage="0% (0/1)"/>
            <line number="51" hits="0" branch="false"/>
            <line number="54" hits="3" branch="false"/>
            <line number="57" hits="5" branch="false"/>
          </lines>
        </class>
        <class name="types.ts" filename="src/types.ts" line-rate="1" branch-rate="1">
          <methods>
          </methods>
          <lines>
            <line number="22" hits="1" branch="false"/>
          </lines>
        </class>
      </classes>
    </package>
  </packages>
</coverage>
