TN:
SF:__test__/assets/integration.assets.ts
FN:17,(anonymous_4)
FN:23,(anonymous_5)
FN:33,(anonymous_6)
FN:43,(anonymous_7)
FN:49,(anonymous_8)
FN:55,(anonymous_9)
FN:61,(anonymous_10)
FN:67,(anonymous_11)
FN:73,(anonymous_12)
FN:79,(anonymous_13)
FN:88,(anonymous_14)
FN:106,(anonymous_15)
FN:129,(anonymous_16)
FN:132,(anonymous_17)
FN:160,(anonymous_18)
FN:157,(anonymous_19)
FNF:16
FNH:0
FNDA:0,(anonymous_4)
FNDA:0,(anonymous_5)
FNDA:0,(anonymous_6)
FNDA:0,(anonymous_7)
FNDA:0,(anonymous_8)
FNDA:0,(anonymous_9)
FNDA:0,(anonymous_10)
FNDA:0,(anonymous_11)
FNDA:0,(anonymous_12)
FNDA:0,(anonymous_13)
FNDA:0,(anonymous_14)
FNDA:0,(anonymous_15)
FNDA:0,(anonymous_16)
FNDA:0,(anonymous_17)
FNDA:0,(anonymous_18)
FNDA:0,(anonymous_19)
DA:1,0
DA:12,0
DA:16,0
DA:18,0
DA:22,0
DA:24,0
DA:32,0
DA:34,0
DA:42,0
DA:44,0
DA:48,0
DA:50,0
DA:54,0
DA:56,0
DA:60,0
DA:62,0
DA:66,0
DA:68,0
DA:72,0
DA:74,0
DA:78,0
DA:80,0
DA:84,0
DA:87,0
DA:93,0
DA:94,0
DA:99,0
DA:102,0
DA:105,0
DA:106,0
DA:107,0
DA:108,0
DA:109,0
DA:110,0
DA:111,0
DA:112,0
DA:113,0
DA:114,0
DA:119,0
DA:121,0
DA:127,0
DA:129,0
DA:130,0
DA:132,0
DA:134,0
DA:137,0
DA:140,0
DA:143,0
DA:146,0
DA:150,0
DA:152,0
DA:155,0
DA:157,0
DA:158,0
DA:161,0
DA:162,0
LF:56
LH:0
BRF:0
BRH:0
end_of_record
TN:
SF:src/class-ctor-reflector.ts
FN:15,ClassCtorReflector
FN:19,reflectInjectables
FN:24,(anonymous_2)
FN:56,reflectParamTokens
FN:60,reflectParamTypes
FN:64,constructTokensArray
FN:75,(anonymous_6)
FNF:7
FNH:0
FNDA:0,ClassCtorReflector
FNDA:0,reflectInjectables
FNDA:0,(anonymous_2)
FNDA:0,reflectParamTokens
FNDA:0,reflectParamTypes
FNDA:0,constructTokensArray
FNDA:0,(anonymous_6)
DA:1,0
DA:3,0
DA:11,0
DA:15,0
DA:20,0
DA:21,0
DA:22,0
DA:24,0
DA:25,0
DA:26,0
DA:27,0
DA:34,0
DA:42,0
DA:47,0
DA:57,0
DA:61,0
DA:69,0
DA:71,0
DA:72,0
DA:75,0
DA:76,0
DA:77,0
DA:80,0
DA:84,0
LF:24
LH:0
BRDA:25,0,0,0
BRDA:26,1,0,0
BRDA:50,2,0,0
BRDA:50,2,1,0
BRDA:57,3,0,0
BRDA:57,3,1,0
BRDA:61,4,0,0
BRDA:61,4,1,0
BRDA:71,5,0,0
BRDA:76,6,0,0
BRF:10
BRH:0
end_of_record
TN:
SF:src/class-props-reflector.ts
FN:15,ClassPropsReflector
FN:19,reflectInjectables
FN:23,(anonymous_2)
FN:52,setValue
FN:64,reflectProperties
FNF:5
FNH:0
FNDA:0,ClassPropsReflector
FNDA:0,reflectInjectables
FNDA:0,(anonymous_2)
FNDA:0,setValue
FNDA:0,reflectProperties
DA:1,0
DA:3,0
DA:11,0
DA:15,0
DA:20,0
DA:21,0
DA:23,0
DA:24,0
DA:28,0
DA:30,0
DA:31,0
DA:37,0
DA:42,0
DA:53,0
DA:54,0
DA:57,0
DA:58,0
DA:61,0
DA:65,0
DA:68,0
LF:20
LH:0
BRDA:30,0,0,0
BRDA:30,1,0,0
BRDA:30,1,1,0
BRDA:53,2,0,0
BRDA:57,3,0,0
BRDA:65,4,0,0
BRDA:65,4,1,0
BRF:7
BRH:0
end_of_record
TN:
SF:src/dependencies-adapter.ts
FN:18,DependenciesAdapter
FN:22,inspect
FN:28,(anonymous_3)
FN:34,(anonymous_4)
FN:42,(anonymous_5)
FN:46,(anonymous_6)
FNF:6
FNH:0
FNDA:0,DependenciesAdapter
FNDA:0,inspect
FNDA:0,(anonymous_3)
FNDA:0,(anonymous_4)
FNDA:0,(anonymous_5)
FNDA:0,(anonymous_6)
DA:1,0
DA:18,0
DA:23,0
DA:24,0
DA:25,0
DA:27,0
DA:33,0
DA:34,0
DA:37,0
DA:38,0
DA:42,0
DA:43,0
DA:47,0
DA:52,0
LF:14
LH:0
BRDA:37,0,0,0
BRDA:37,1,0,0
BRDA:37,1,1,0
BRF:3
BRH:0
end_of_record
TN:
SF:src/identifier-builder.static.ts
FN:18,IdentifierBuilder
FN:19,toIdentifierObject
FN:24,(anonymous_2)
FNF:3
FNH:3
FNDA:5,IdentifierBuilder
FNDA:5,toIdentifierObject
FNDA:7,(anonymous_2)
DA:1,1
DA:8,1
DA:18,1
DA:23,5
DA:25,7
DA:27,7
DA:28,1
DA:31,6
DA:32,4
DA:33,2
DA:35,2
DA:36,1
DA:39,1
DA:42,2
DA:45,2
DA:50,3
DA:51,0
DA:54,3
DA:57,5
LF:19
LH:18
BRDA:27,0,0,1
BRDA:31,1,0,4
BRDA:32,2,0,2
BRDA:35,3,0,1
BRDA:50,4,0,0
BRF:5
BRH:4
end_of_record
TN:
SF:src/types.ts
FNF:0
FNH:0
DA:22,1
LF:1
LH:1
BRF:0
BRH:0
end_of_record
